<?xml version="1.0" encoding="UTF-8"?>
<!-- Generated by org.testng.reporters.JUnitXMLReporter -->
<testsuite hostname="DESKTOP-1UVLBD0" ignored="8" name="Default test" tests="3" failures="0" timestamp="2019-12-31T17:53:30 PST" time="265.463" errors="0">
  <testcase name="signUp_C_TC1" time="53.952" classname="Xero_TestCases.Implement_Xero"/>
  <testcase name="signUp_D_TC2" time="49.559" classname="Xero_TestCases.Implement_Xero"/>
  <testcase name="signUp_E_TC3" time="52.794" classname="Xero_TestCases.Implement_Xero"/>
  <testcase name="quckbooks_users_TC11" time="0.0" classname="Xero_TestCases.Implement_Xero">
    <ignored/>
  </testcase> <!-- quckbooks_users_TC11 -->
  <testcase name="starter_plan_TC10" time="0.0" classname="Xero_TestCases.Implement_Xero">
    <ignored/>
  </testcase> <!-- starter_plan_TC10 -->
  <testcase name="signUp_E_TC4" time="0.0" classname="Xero_TestCases.Implement_Xero">
    <ignored/>
  </testcase> <!-- signUp_E_TC4 -->
  <testcase name="signUp_E_TC6" time="0.0" classname="Xero_TestCases.Implement_Xero">
    <ignored/>
  </testcase> <!-- signUp_E_TC6 -->
  <testcase name="paid_Version_TC9" time="0.0" classname="Xero_TestCases.Implement_Xero">
    <ignored/>
  </testcase> <!-- paid_Version_TC9 -->
  <testcase name="signUp_E_TC5" time="0.0" classname="Xero_TestCases.Implement_Xero">
    <ignored/>
  </testcase> <!-- signUp_E_TC5 -->
  <testcase name="add_Trail_Version_TC8" time="0.0" classname="Xero_TestCases.Implement_Xero">
    <ignored/>
  </testcase> <!-- add_Trail_Version_TC8 -->
  <testcase name="LoginToXero_TC7" time="0.0" classname="Xero_TestCases.Implement_Xero">
    <ignored/>
  </testcase> <!-- LoginToXero_TC7 -->
</testsuite> <!-- Default test -->
